c:\users\muteeb\source\repos\project20\project20\debug\vc143.pdb
c:\users\muteeb\source\repos\project20\project20\debug\myform6.obj
c:\users\muteeb\source\repos\project20\project20\debug\myform5.obj
c:\users\muteeb\source\repos\project20\project20\debug\myform4.obj
c:\users\muteeb\source\repos\project20\project20\debug\myform3.obj
c:\users\muteeb\source\repos\project20\project20\debug\myform22.obj
c:\users\muteeb\source\repos\project20\project20\debug\myform21.obj
c:\users\muteeb\source\repos\project20\project20\debug\myform20.obj
c:\users\muteeb\source\repos\project20\project20\debug\myform2.obj
c:\users\muteeb\source\repos\project20\project20\debug\myform19.obj
c:\users\muteeb\source\repos\project20\project20\debug\myform18.obj
c:\users\muteeb\source\repos\project20\project20\debug\myform17.obj
c:\users\muteeb\source\repos\project20\project20\debug\myform16.obj
c:\users\muteeb\source\repos\project20\project20\debug\myform15.obj
c:\users\muteeb\source\repos\project20\project20\debug\myform14.obj
c:\users\muteeb\source\repos\project20\project20\debug\myform13.obj
c:\users\muteeb\source\repos\project20\project20\debug\myform12.obj
c:\users\muteeb\source\repos\project20\project20\debug\myform11.obj
c:\users\muteeb\source\repos\project20\project20\debug\myform10.obj
c:\users\muteeb\source\repos\project20\project20\debug\myform1.obj
c:\users\muteeb\source\repos\project20\project20\debug\myform.obj
c:\users\muteeb\source\repos\project20\project20\debug\.netframework,version=v4.7.2.assemblyattributes.obj
c:\users\muteeb\source\repos\project20\project20\debug\myform9.obj
c:\users\muteeb\source\repos\project20\project20\debug\myform8.obj
c:\users\muteeb\source\repos\project20\project20\debug\myform7.obj
c:\users\muteeb\source\repos\project20\debug\project20.exe
c:\users\muteeb\source\repos\project20\debug\project20.pdb
c:\users\muteeb\source\repos\project20\project20\debug\project20.tlog\cl.command.1.tlog
c:\users\muteeb\source\repos\project20\project20\debug\project20.tlog\cl.read.1.tlog
c:\users\muteeb\source\repos\project20\project20\debug\project20.tlog\cl.write.1.tlog
c:\users\muteeb\source\repos\project20\project20\debug\project20.tlog\link.command.1.tlog
c:\users\muteeb\source\repos\project20\project20\debug\project20.tlog\link.read.1.tlog
c:\users\muteeb\source\repos\project20\project20\debug\project20.tlog\link.write.1.tlog
c:\users\muteeb\source\repos\project20\project20\debug\project20.tlog\metagen.read.1.tlog
c:\users\muteeb\source\repos\project20\project20\debug\project20.tlog\metagen.write.1.tlog
c:\users\muteeb\source\repos\project20\project20\debug\project20.tlog\resgen.command.1.tlog
c:\users\muteeb\source\repos\project20\project20\debug\project20.tlog\resgen.read.1.tlog
c:\users\muteeb\source\repos\project20\project20\debug\project20.tlog\resgen.write.1.tlog
